# JRE version: Java(TM) SE Runtime Environment (8.0_40-b25) (build 1.8.0_40-b25)
# Java VM: Java HotSpot(TM) 64-Bit Server VM (25.40-b25 mixed mode windows-amd64 compressed oops)
Heap:
 PSYoungGen      total 239616K, used 102812K [0x000000076b600000, 0x000000077b500000, 0x00000007c0000000)
  eden space 222208K, 38% used [0x000000076b600000,0x00000007709689f8,0x0000000778f00000)
  from space 17408K, 99% used [0x000000077a380000,0x000000077b47e8b0,0x000000077b480000)
  to   space 19456K, 0% used [0x0000000778f00000,0x0000000778f00000,0x000000077a200000)
 ParOldGen       total 159232K, used 23158K [0x00000006c2200000, 0x00000006cbd80000, 0x000000076b600000)
  object space 159232K, 14% used [0x00000006c2200000,0x00000006c389da70,0x00000006cbd80000)
 Metaspace       used 49284K, capacity 52056K, committed 52352K, reserved 1093632K
  class space    used 6733K, capacity 7243K, committed 7296K, reserved 1048576K
GC Heap History (10 events):
Event: 1.637 GC heap before
{Heap before GC invocations=6 (full 1):
 PSYoungGen      total 109568K, used 109333K [0x000000076b600000, 0x0000000774680000, 0x00000007c0000000)
  eden space 102400K, 100% used [0x000000076b600000,0x0000000771a00000,0x0000000771a00000)
  from space 7168K, 96% used [0x0000000773f80000,0x00000007746456a0,0x0000000774680000)
  to   space 10752K, 0% used [0x0000000773180000,0x0000000773180000,0x0000000773c00000)
 ParOldGen       total 100864K, used 9756K [0x00000006c2200000, 0x00000006c8480000, 0x000000076b600000)
  object space 100864K, 9% used [0x00000006c2200000,0x00000006c2b87138,0x00000006c8480000)
 Metaspace       used 29686K, capacity 30764K, committed 30848K, reserved 1075200K
  class space    used 3944K, capacity 4188K, committed 4224K, reserved 1048576K
Event: 1.646 GC heap after
Heap after GC invocations=6 (full 1):
 PSYoungGen      total 137216K, used 10743K [0x000000076b600000, 0x0000000776c00000, 0x00000007c0000000)
  eden space 126464K, 0% used [0x000000076b600000,0x000000076b600000,0x0000000773180000)
  from space 10752K, 99% used [0x0000000773180000,0x0000000773bfdcf8,0x0000000773c00000)
  to   space 14336K, 0% used [0x0000000775e00000,0x0000000775e00000,0x0000000776c00000)
 ParOldGen       total 100864K, used 11758K [0x00000006c2200000, 0x00000006c8480000, 0x000000076b600000)
  object space 100864K, 11% used [0x00000006c2200000,0x00000006c2d7bb30,0x00000006c8480000)
 Metaspace       used 29686K, capacity 30764K, committed 30848K, reserved 1075200K
  class space    used 3944K, capacity 4188K, committed 4224K, reserved 1048576K
}
Event: 2.126 GC heap before
{Heap before GC invocations=7 (full 1):
 PSYoungGen      total 137216K, used 91162K [0x000000076b600000, 0x0000000776c00000, 0x00000007c0000000)
  eden space 126464K, 63% used [0x000000076b600000,0x0000000770488d08,0x0000000773180000)
  from space 10752K, 99% used [0x0000000773180000,0x0000000773bfdcf8,0x0000000773c00000)
  to   space 14336K, 0% used [0x0000000775e00000,0x0000000775e00000,0x0000000776c00000)
 ParOldGen       total 100864K, used 11758K [0x00000006c2200000, 0x00000006c8480000, 0x000000076b600000)
  object space 100864K, 11% used [0x00000006c2200000,0x00000006c2d7bb30,0x00000006c8480000)
 Metaspace       used 33932K, capacity 35314K, committed 35416K, reserved 1079296K
  class space    used 4516K, capacity 4809K, committed 4864K, reserved 1048576K
Event: 2.134 GC heap after
Heap after GC invocations=7 (full 1):
 PSYoungGen      total 169472K, used 14304K [0x000000076b600000, 0x0000000779080000, 0x00000007c0000000)
  eden space 155136K, 0% used [0x000000076b600000,0x000000076b600000,0x0000000774d80000)
  from space 14336K, 99% used [0x0000000775e00000,0x0000000776bf8170,0x0000000776c00000)
  to   space 16896K, 0% used [0x0000000774d80000,0x0000000774d80000,0x0000000775e00000)
 ParOldGen       total 100864K, used 12290K [0x00000006c2200000, 0x00000006c8480000, 0x000000076b600000)
  object space 100864K, 12% used [0x00000006c2200000,0x00000006c2e00bb8,0x00000006c8480000)
 Metaspace       used 33932K, capacity 35314K, committed 35416K, reserved 1079296K
  class space    used 4516K, capacity 4809K, committed 4864K, reserved 1048576K
}
Event: 2.134 GC heap before
{Heap before GC invocations=8 (full 2):
 PSYoungGen      total 169472K, used 14304K [0x000000076b600000, 0x0000000779080000, 0x00000007c0000000)
  eden space 155136K, 0% used [0x000000076b600000,0x000000076b600000,0x0000000774d80000)
  from space 14336K, 99% used [0x0000000775e00000,0x0000000776bf8170,0x0000000776c00000)
  to   space 16896K, 0% used [0x0000000774d80000,0x0000000774d80000,0x0000000775e00000)
 ParOldGen       total 100864K, used 12290K [0x00000006c2200000, 0x00000006c8480000, 0x000000076b600000)
  object space 100864K, 12% used [0x00000006c2200000,0x00000006c2e00bb8,0x00000006c8480000)
 Metaspace       used 33932K, capacity 35314K, committed 35416K, reserved 1079296K
  class space    used 4516K, capacity 4809K, committed 4864K, reserved 1048576K
Event: 2.171 GC heap after
Heap after GC invocations=8 (full 2):
 PSYoungGen      total 169472K, used 0K [0x000000076b600000, 0x0000000779080000, 0x00000007c0000000)
  eden space 155136K, 0% used [0x000000076b600000,0x000000076b600000,0x0000000774d80000)
  from space 14336K, 0% used [0x0000000775e00000,0x0000000775e00000,0x0000000776c00000)
  to   space 16896K, 0% used [0x0000000774d80000,0x0000000774d80000,0x0000000775e00000)
 ParOldGen       total 159232K, used 22782K [0x00000006c2200000, 0x00000006cbd80000, 0x000000076b600000)
  object space 159232K, 14% used [0x00000006c2200000,0x00000006c383f868,0x00000006cbd80000)
 Metaspace       used 33932K, capacity 35314K, committed 35416K, reserved 1079296K
  class space    used 4516K, capacity 4809K, committed 4864K, reserved 1048576K
}
Event: 3.153 GC heap before
{Heap before GC invocations=9 (full 2):
 PSYoungGen      total 169472K, used 155136K [0x000000076b600000, 0x0000000779080000, 0x00000007c0000000)
  eden space 155136K, 100% used [0x000000076b600000,0x0000000774d80000,0x0000000774d80000)
  from space 14336K, 0% used [0x0000000775e00000,0x0000000775e00000,0x0000000776c00000)
  to   space 16896K, 0% used [0x0000000774d80000,0x0000000774d80000,0x0000000775e00000)
 ParOldGen       total 159232K, used 22782K [0x00000006c2200000, 0x00000006cbd80000, 0x000000076b600000)
  object space 159232K, 14% used [0x00000006c2200000,0x00000006c383f868,0x00000006cbd80000)
 Metaspace       used 41308K, capacity 43122K, committed 43392K, reserved 1087488K
  class space    used 5536K, capacity 5899K, committed 6016K, reserved 1048576K
Event: 3.159 GC heap after
Heap after GC invocations=9 (full 2):
 PSYoungGen      total 172032K, used 13387K [0x000000076b600000, 0x000000077b480000, 0x00000007c0000000)
  eden space 155136K, 0% used [0x000000076b600000,0x000000076b600000,0x0000000774d80000)
  from space 16896K, 79% used [0x0000000774d80000,0x0000000775a92e18,0x0000000775e00000)
  to   space 17408K, 0% used [0x000000077a380000,0x000000077a380000,0x000000077b480000)
 ParOldGen       total 159232K, used 22790K [0x00000006c2200000, 0x00000006cbd80000, 0x000000076b600000)
  object space 159232K, 14% used [0x00000006c2200000,0x00000006c3841868,0x00000006cbd80000)
 Metaspace       used 41308K, capacity 43122K, committed 43392K, reserved 1087488K
  class space    used 5536K, capacity 5899K, committed 6016K, reserved 1048576K
}
Event: 4.131 GC heap before
{Heap before GC invocations=10 (full 2):
 PSYoungGen      total 172032K, used 168523K [0x000000076b600000, 0x000000077b480000, 0x00000007c0000000)
  eden space 155136K, 100% used [0x000000076b600000,0x0000000774d80000,0x0000000774d80000)
  from space 16896K, 79% used [0x0000000774d80000,0x0000000775a92e18,0x0000000775e00000)
  to   space 17408K, 0% used [0x000000077a380000,0x000000077a380000,0x000000077b480000)
 ParOldGen       total 159232K, used 22790K [0x00000006c2200000, 0x00000006cbd80000, 0x000000076b600000)
  object space 159232K, 14% used [0x00000006c2200000,0x00000006c3841868,0x00000006cbd80000)
 Metaspace       used 46666K, capacity 49028K, committed 49152K, reserved 1091584K
  class space    used 6348K, capacity 6808K, committed 6912K, reserved 1048576K
Event: 4.146 GC heap after
Heap after GC invocations=10 (full 2):
 PSYoungGen      total 239616K, used 17402K [0x000000076b600000, 0x000000077b500000, 0x00000007c0000000)
  eden space 222208K, 0% used [0x000000076b600000,0x000000076b600000,0x0000000778f00000)
  from space 17408K, 99% used [0x000000077a380000,0x000000077b47e8b0,0x000000077b480000)
  to   space 19456K, 0% used [0x0000000778f00000,0x0000000778f00000,0x000000077a200000)
 ParOldGen       total 159232K, used 23158K [0x00000006c2200000, 0x00000006cbd80000, 0x000000076b600000)
  object space 159232K, 14% used [0x00000006c2200000,0x00000006c389da70,0x00000006cbd80000)
 Metaspace       used 46666K, capacity 49028K, committed 49152K, reserved 1091584K
  class space    used 6348K, capacity 6808K, committed 6912K, reserved 1048576K
}

